<?xml version="1.0" encoding="UTF-8"?>
<!-- Generated by org.testng.reporters.JUnitReportReporter -->
<testsuite skipped="0" hostname="Alis-MBP.home" name="com.hrms.testcases.LoginTests" tests="4" failures="0" timestamp="2020-09-06T13:01:29 PDT" time="15.841" errors="0">
  <testcase name="validLogin" time="4.980" classname="com.hrms.testcases.LoginTests"/>
  <system-out/>
  <testcase name="invalidLogin" time="2.540" classname="com.hrms.testcases.LoginTests"/>
  <system-out/>
  <testcase name="invalidLogin" time="4.231" classname="com.hrms.testcases.LoginTests"/>
  <system-out/>
  <testcase name="invalidLogin" time="4.090" classname="com.hrms.testcases.LoginTests"/>
  <system-out/>
</testsuite> <!-- com.hrms.testcases.LoginTests -->
